0 info it worked if it ends with ok
1 verbose cli [ 'C:\\Program Files\\nodejs\\node.exe',
1 verbose cli   'C:\\Program Files\\nodejs\\node_modules\\npm\\bin\\npm-cli.js',
1 verbose cli   'run',
1 verbose cli   'gulp' ]
2 info using npm@3.6.0
3 info using node@v5.6.0
4 verbose run-script [ 'pregulp', 'gulp', 'postgulp' ]
5 info lifecycle angular2-boilerplate@1.0.0~pregulp: angular2-boilerplate@1.0.0
6 silly lifecycle angular2-boilerplate@1.0.0~pregulp: no script for pregulp, continuing
7 info lifecycle angular2-boilerplate@1.0.0~gulp: angular2-boilerplate@1.0.0
8 verbose lifecycle angular2-boilerplate@1.0.0~gulp: unsafe-perm in lifecycle true
9 verbose lifecycle angular2-boilerplate@1.0.0~gulp: PATH: C:\Program Files\nodejs\node_modules\npm\bin\node-gyp-bin;C:\Users\Retsbud\Documents\frontEndDevelopment\angular\angular-2-beta-boilerplate\node_modules\.bin;C:\Program Files\nodejs\node_modules\npm\bin\node-gyp-bin;C:\Users\Retsbud\Documents\frontEndDevelopment\angular\angular-2-beta-boilerplate\node_modules\.bin;C:\Users\Retsbud\bin;C:\Program Files\Git\mingw64\bin;C:\Program Files\Git\usr\local\bin;C:\Program Files\Git\usr\bin;C:\Program Files\Git\usr\bin;C:\Program Files\Git\mingw64\bin;C:\Program Files\Git\usr\bin;C:\Users\Retsbud\bin;C:\Ruby23-x64\bin;C:\Ruby22-x64\bin;C:\Program Files (x86)\Intel\iCLS Client;C:\Program Files\Intel\iCLS Client;C:\WINDOWS\system32;C:\WINDOWS;C:\WINDOWS\System32\Wbem;C:\WINDOWS\System32\WindowsPowerShell\v1.0;C:\Program Files\Intel\WiFi\bin;C:\Program Files\Common Files\Intel\WirelessCommon;C:\Program Files\Intel\Intel(R) Management Engine Components\DAL;C:\Program Files (x86)\Intel\Intel(R) Management Engine Components\DAL;C:\Program Files\Intel\Intel(R) Management Engine Components\IPT;C:\Program Files (x86)\Intel\Intel(R) Management Engine Components\IPT;C:\Program Files\nodejs;C:\Program Files (x86)\Heroku\bin;C:\Program Files (x86)\git\cmd;C:\Program Files (x86)\Brackets\command;C:\Program Files\MongoDB\Server\3.2\bin;C:\Users\Retsbud\AppData\Local\atom\bin;C:\Users\Retsbud\AppData\Roaming\npm;C:\Program Files (x86)\Microsoft VS Code\bin;C:\Program Files\Git\usr\bin\vendor_perl;C:\Program Files\Git\usr\bin\core_perl
10 verbose lifecycle angular2-boilerplate@1.0.0~gulp: CWD: C:\Users\Retsbud\Documents\frontEndDevelopment\angular\angular-2-beta-boilerplate
11 silly lifecycle angular2-boilerplate@1.0.0~gulp: Args: [ '/d /s /c', 'gulp' ]
12 silly lifecycle angular2-boilerplate@1.0.0~gulp: Returned: code: 1  signal: null
13 info lifecycle angular2-boilerplate@1.0.0~gulp: Failed to exec gulp script
14 verbose stack Error: angular2-boilerplate@1.0.0 gulp: `gulp`
14 verbose stack Exit status 1
14 verbose stack     at EventEmitter.<anonymous> (C:\Program Files\nodejs\node_modules\npm\lib\utils\lifecycle.js:232:16)
14 verbose stack     at emitTwo (events.js:100:13)
14 verbose stack     at EventEmitter.emit (events.js:185:7)
14 verbose stack     at ChildProcess.<anonymous> (C:\Program Files\nodejs\node_modules\npm\lib\utils\spawn.js:24:14)
14 verbose stack     at emitTwo (events.js:100:13)
14 verbose stack     at ChildProcess.emit (events.js:185:7)
14 verbose stack     at maybeClose (internal/child_process.js:827:16)
14 verbose stack     at Process.ChildProcess._handle.onexit (internal/child_process.js:211:5)
15 verbose pkgid angular2-boilerplate@1.0.0
16 verbose cwd C:\Users\Retsbud\Documents\frontEndDevelopment\angular\angular-2-beta-boilerplate
17 error Windows_NT 10.0.10586
18 error argv "C:\\Program Files\\nodejs\\node.exe" "C:\\Program Files\\nodejs\\node_modules\\npm\\bin\\npm-cli.js" "run" "gulp"
19 error node v5.6.0
20 error npm  v3.6.0
21 error code ELIFECYCLE
22 error angular2-boilerplate@1.0.0 gulp: `gulp`
22 error Exit status 1
23 error Failed at the angular2-boilerplate@1.0.0 gulp script 'gulp'.
23 error Make sure you have the latest version of node.js and npm installed.
23 error If you do, this is most likely a problem with the angular2-boilerplate package,
23 error not with npm itself.
23 error Tell the author that this fails on your system:
23 error     gulp
23 error You can get information on how to open an issue for this project with:
23 error     npm bugs angular2-boilerplate
23 error Or if that isn't available, you can get their info via:
23 error     npm owner ls angular2-boilerplate
23 error There is likely additional logging output above.
24 verbose exit [ 1, true ]
